CRITICAL - 2023-11-29 00:48:30 --> include(../elements/dropdown.php): Failed to open stream: No such file or directory
in APPPATH\Views\signup.php on line 27.
 1 APPPATH\Views\signup.php(27): CodeIgniter\Debug\Exceptions->errorHandler(2, 'include(../elements/dropdown.php): Failed to open stream: No such file or directory', 'C:\\xampp\\htdocs\\WebProgrammingI\\proyecto_news_coverII\\framework\\app\\Views\\signup.php', 27)
 2 APPPATH\Views\signup.php(27): include()
 3 SYSTEMPATH\View\View.php(228): include('C:\\xampp\\htdocs\\WebProgrammingI\\proyecto_news_coverII\\framework\\app\\Views\\signup.php')
 4 SYSTEMPATH\View\View.php(231): CodeIgniter\View\View->CodeIgniter\View\{closure}()
 5 SYSTEMPATH\Common.php(1190): CodeIgniter\View\View->render('signup', [], true)
 6 APPPATH\Controllers\Signup.php(17): view('signup', [...])
 7 SYSTEMPATH\CodeIgniter.php(942): App\Controllers\Signup->index()
 8 SYSTEMPATH\CodeIgniter.php(502): CodeIgniter\CodeIgniter->runController(Object(App\Controllers\Signup))
 9 SYSTEMPATH\CodeIgniter.php(361): CodeIgniter\CodeIgniter->handleRequest(null, Object(Config\Cache), false)
10 FCPATH\index.php(79): CodeIgniter\CodeIgniter->run()
CRITICAL - 2023-11-29 00:48:36 --> include(/elements/dropdown.php): Failed to open stream: No such file or directory
in APPPATH\Views\signup.php on line 27.
 1 APPPATH\Views\signup.php(27): CodeIgniter\Debug\Exceptions->errorHandler(2, 'include(/elements/dropdown.php): Failed to open stream: No such file or directory', 'C:\\xampp\\htdocs\\WebProgrammingI\\proyecto_news_coverII\\framework\\app\\Views\\signup.php', 27)
 2 APPPATH\Views\signup.php(27): include()
 3 SYSTEMPATH\View\View.php(228): include('C:\\xampp\\htdocs\\WebProgrammingI\\proyecto_news_coverII\\framework\\app\\Views\\signup.php')
 4 SYSTEMPATH\View\View.php(231): CodeIgniter\View\View->CodeIgniter\View\{closure}()
 5 SYSTEMPATH\Common.php(1190): CodeIgniter\View\View->render('signup', [], true)
 6 APPPATH\Controllers\Signup.php(17): view('signup', [...])
 7 SYSTEMPATH\CodeIgniter.php(942): App\Controllers\Signup->index()
 8 SYSTEMPATH\CodeIgniter.php(502): CodeIgniter\CodeIgniter->runController(Object(App\Controllers\Signup))
 9 SYSTEMPATH\CodeIgniter.php(361): CodeIgniter\CodeIgniter->handleRequest(null, Object(Config\Cache), false)
10 FCPATH\index.php(79): CodeIgniter\CodeIgniter->run()
CRITICAL - 2023-11-29 00:48:37 --> include(/elements/dropdown.php): Failed to open stream: No such file or directory
in APPPATH\Views\signup.php on line 27.
 1 APPPATH\Views\signup.php(27): CodeIgniter\Debug\Exceptions->errorHandler(2, 'include(/elements/dropdown.php): Failed to open stream: No such file or directory', 'C:\\xampp\\htdocs\\WebProgrammingI\\proyecto_news_coverII\\framework\\app\\Views\\signup.php', 27)
 2 APPPATH\Views\signup.php(27): include()
 3 SYSTEMPATH\View\View.php(228): include('C:\\xampp\\htdocs\\WebProgrammingI\\proyecto_news_coverII\\framework\\app\\Views\\signup.php')
 4 SYSTEMPATH\View\View.php(231): CodeIgniter\View\View->CodeIgniter\View\{closure}()
 5 SYSTEMPATH\Common.php(1190): CodeIgniter\View\View->render('signup', [], true)
 6 APPPATH\Controllers\Signup.php(17): view('signup', [...])
 7 SYSTEMPATH\CodeIgniter.php(942): App\Controllers\Signup->index()
 8 SYSTEMPATH\CodeIgniter.php(502): CodeIgniter\CodeIgniter->runController(Object(App\Controllers\Signup))
 9 SYSTEMPATH\CodeIgniter.php(361): CodeIgniter\CodeIgniter->handleRequest(null, Object(Config\Cache), false)
10 FCPATH\index.php(79): CodeIgniter\CodeIgniter->run()
CRITICAL - 2023-11-29 00:48:38 --> include(/elements/dropdown.php): Failed to open stream: No such file or directory
in APPPATH\Views\signup.php on line 27.
 1 APPPATH\Views\signup.php(27): CodeIgniter\Debug\Exceptions->errorHandler(2, 'include(/elements/dropdown.php): Failed to open stream: No such file or directory', 'C:\\xampp\\htdocs\\WebProgrammingI\\proyecto_news_coverII\\framework\\app\\Views\\signup.php', 27)
 2 APPPATH\Views\signup.php(27): include()
 3 SYSTEMPATH\View\View.php(228): include('C:\\xampp\\htdocs\\WebProgrammingI\\proyecto_news_coverII\\framework\\app\\Views\\signup.php')
 4 SYSTEMPATH\View\View.php(231): CodeIgniter\View\View->CodeIgniter\View\{closure}()
 5 SYSTEMPATH\Common.php(1190): CodeIgniter\View\View->render('signup', [], true)
 6 APPPATH\Controllers\Signup.php(17): view('signup', [...])
 7 SYSTEMPATH\CodeIgniter.php(942): App\Controllers\Signup->index()
 8 SYSTEMPATH\CodeIgniter.php(502): CodeIgniter\CodeIgniter->runController(Object(App\Controllers\Signup))
 9 SYSTEMPATH\CodeIgniter.php(361): CodeIgniter\CodeIgniter->handleRequest(null, Object(Config\Cache), false)
10 FCPATH\index.php(79): CodeIgniter\CodeIgniter->run()
CRITICAL - 2023-11-29 01:02:58 --> Class "codeIgniter\Model" not found
in APPPATH\Models\user.php on line 6.
 1 SYSTEMPATH\Autoloader\Autoloader.php(312): include_once()
 2 SYSTEMPATH\Autoloader\Autoloader.php(291): CodeIgniter\Autoloader\Autoloader->includeFile('C:\\xampp\\htdocs\\WebProgrammingI\\proyecto_news_coverII\\framework\\app\\Models\\user.php')
 3 SYSTEMPATH\Autoloader\Autoloader.php(269): CodeIgniter\Autoloader\Autoloader->loadInNamespace('App\\Models\\user')
 4 APPPATH\Controllers\Signup.php(37): CodeIgniter\Autoloader\Autoloader->loadClass('App\\Models\\user')
 5 SYSTEMPATH\CodeIgniter.php(942): App\Controllers\Signup->register()
 6 SYSTEMPATH\CodeIgniter.php(502): CodeIgniter\CodeIgniter->runController(Object(App\Controllers\Signup))
 7 SYSTEMPATH\CodeIgniter.php(361): CodeIgniter\CodeIgniter->handleRequest(null, Object(Config\Cache), false)
 8 FCPATH\index.php(79): CodeIgniter\CodeIgniter->run()
ERROR - 2023-11-29 01:08:14 --> mysqli_sql_exception: Table 'proyecto_news_cover2.libros' doesn't exist in C:\xampp\htdocs\WebProgrammingI\proyecto_news_coverII\framework\system\Database\MySQLi\Connection.php:306
Stack trace:
#0 C:\xampp\htdocs\WebProgrammingI\proyecto_news_coverII\framework\system\Database\MySQLi\Connection.php(306): mysqli->query('INSERT INTO `li...', 0)
#1 C:\xampp\htdocs\WebProgrammingI\proyecto_news_coverII\framework\system\Database\BaseConnection.php(693): CodeIgniter\Database\MySQLi\Connection->execute('INSERT INTO `li...')
#2 C:\xampp\htdocs\WebProgrammingI\proyecto_news_coverII\framework\system\Database\BaseConnection.php(607): CodeIgniter\Database\BaseConnection->simpleQuery('INSERT INTO `li...')
#3 C:\xampp\htdocs\WebProgrammingI\proyecto_news_coverII\framework\system\Database\BaseBuilder.php(2308): CodeIgniter\Database\BaseConnection->query('INSERT INTO `li...', Array, false)
#4 C:\xampp\htdocs\WebProgrammingI\proyecto_news_coverII\framework\system\Model.php(319): CodeIgniter\Database\BaseBuilder->insert()
#5 C:\xampp\htdocs\WebProgrammingI\proyecto_news_coverII\framework\system\BaseModel.php(788): CodeIgniter\Model->doInsert(Array)
#6 C:\xampp\htdocs\WebProgrammingI\proyecto_news_coverII\framework\system\Model.php(715): CodeIgniter\BaseModel->insert(Array, true)
#7 C:\xampp\htdocs\WebProgrammingI\proyecto_news_coverII\framework\app\Models\user.php(27): CodeIgniter\Model->insert(Array)
#8 C:\xampp\htdocs\WebProgrammingI\proyecto_news_coverII\framework\app\Controllers\Signup.php(38): App\Models\User->saveUser(Array)
#9 C:\xampp\htdocs\WebProgrammingI\proyecto_news_coverII\framework\system\CodeIgniter.php(942): App\Controllers\Signup->register()
#10 C:\xampp\htdocs\WebProgrammingI\proyecto_news_coverII\framework\system\CodeIgniter.php(502): CodeIgniter\CodeIgniter->runController(Object(App\Controllers\Signup))
#11 C:\xampp\htdocs\WebProgrammingI\proyecto_news_coverII\framework\system\CodeIgniter.php(361): CodeIgniter\CodeIgniter->handleRequest(NULL, Object(Config\Cache), false)
#12 C:\xampp\htdocs\WebProgrammingI\proyecto_news_coverII\framework\public\index.php(79): CodeIgniter\CodeIgniter->run()
#13 {main}
CRITICAL - 2023-11-29 01:08:14 --> Table 'proyecto_news_cover2.libros' doesn't exist
in SYSTEMPATH\Database\BaseConnection.php on line 647.
 1 SYSTEMPATH\Database\BaseBuilder.php(2308): CodeIgniter\Database\BaseConnection->query('INSERT INTO `libros` (`first_name`, `last_name`, `email`, `password`, `address`, `address2`, `country`, `city`, `postal_code`, `phone_number`, `role_id`) VALUES (:first_name:, :last_name:, :email:, :password:, :address:, :address2:, :country:, :city:, :postal_code:, :phone_number:, :role_id:)', [...], false)
 2 SYSTEMPATH\Model.php(319): CodeIgniter\Database\BaseBuilder->insert()
 3 SYSTEMPATH\BaseModel.php(788): CodeIgniter\Model->doInsert([...])
 4 SYSTEMPATH\Model.php(715): CodeIgniter\BaseModel->insert([...], true)
 5 APPPATH\Models\user.php(27): CodeIgniter\Model->insert([...])
 6 APPPATH\Controllers\Signup.php(38): App\Models\User->saveUser([...])
 7 SYSTEMPATH\CodeIgniter.php(942): App\Controllers\Signup->register()
 8 SYSTEMPATH\CodeIgniter.php(502): CodeIgniter\CodeIgniter->runController(Object(App\Controllers\Signup))
 9 SYSTEMPATH\CodeIgniter.php(361): CodeIgniter\CodeIgniter->handleRequest(null, Object(Config\Cache), false)
10 FCPATH\index.php(79): CodeIgniter\CodeIgniter->run()
CRITICAL - 2023-11-29 04:57:57 --> include(../elements/dropdown.php): Failed to open stream: No such file or directory
in APPPATH\Views\admin_area\categories.php on line 27.
 1 APPPATH\Views\admin_area\categories.php(27): CodeIgniter\Debug\Exceptions->errorHandler(2, 'include(../elements/dropdown.php): Failed to open stream: No such file or directory', 'C:\\xampp\\htdocs\\WebProgrammingI\\proyecto_news_coverII\\framework\\app\\Views\\admin_area\\categories.php', 27)
 2 APPPATH\Views\admin_area\categories.php(27): include()
 3 SYSTEMPATH\View\View.php(228): include('C:\\xampp\\htdocs\\WebProgrammingI\\proyecto_news_coverII\\framework\\app\\Views\\admin_area\\categories.php')
 4 SYSTEMPATH\View\View.php(231): CodeIgniter\View\View->CodeIgniter\View\{closure}()
 5 SYSTEMPATH\Common.php(1190): CodeIgniter\View\View->render('admin_area/categories', [], true)
 6 APPPATH\Controllers\Admin.php(10): view('admin_area/categories')
 7 SYSTEMPATH\CodeIgniter.php(942): App\Controllers\Admin->index()
 8 SYSTEMPATH\CodeIgniter.php(502): CodeIgniter\CodeIgniter->runController(Object(App\Controllers\Admin))
 9 SYSTEMPATH\CodeIgniter.php(361): CodeIgniter\CodeIgniter->handleRequest(null, Object(Config\Cache), false)
10 FCPATH\index.php(79): CodeIgniter\CodeIgniter->run()
CRITICAL - 2023-11-29 04:58:18 --> include(../../elements/dropdown.php): Failed to open stream: No such file or directory
in APPPATH\Views\admin_area\categories.php on line 27.
 1 APPPATH\Views\admin_area\categories.php(27): CodeIgniter\Debug\Exceptions->errorHandler(2, 'include(../../elements/dropdown.php): Failed to open stream: No such file or directory', 'C:\\xampp\\htdocs\\WebProgrammingI\\proyecto_news_coverII\\framework\\app\\Views\\admin_area\\categories.php', 27)
 2 APPPATH\Views\admin_area\categories.php(27): include()
 3 SYSTEMPATH\View\View.php(228): include('C:\\xampp\\htdocs\\WebProgrammingI\\proyecto_news_coverII\\framework\\app\\Views\\admin_area\\categories.php')
 4 SYSTEMPATH\View\View.php(231): CodeIgniter\View\View->CodeIgniter\View\{closure}()
 5 SYSTEMPATH\Common.php(1190): CodeIgniter\View\View->render('admin_area/categories', [], true)
 6 APPPATH\Controllers\Admin.php(10): view('admin_area/categories')
 7 SYSTEMPATH\CodeIgniter.php(942): App\Controllers\Admin->index()
 8 SYSTEMPATH\CodeIgniter.php(502): CodeIgniter\CodeIgniter->runController(Object(App\Controllers\Admin))
 9 SYSTEMPATH\CodeIgniter.php(361): CodeIgniter\CodeIgniter->handleRequest(null, Object(Config\Cache), false)
10 FCPATH\index.php(79): CodeIgniter\CodeIgniter->run()
CRITICAL - 2023-11-29 04:58:20 --> include(../../elements/dropdown.php): Failed to open stream: No such file or directory
in APPPATH\Views\admin_area\categories.php on line 27.
 1 APPPATH\Views\admin_area\categories.php(27): CodeIgniter\Debug\Exceptions->errorHandler(2, 'include(../../elements/dropdown.php): Failed to open stream: No such file or directory', 'C:\\xampp\\htdocs\\WebProgrammingI\\proyecto_news_coverII\\framework\\app\\Views\\admin_area\\categories.php', 27)
 2 APPPATH\Views\admin_area\categories.php(27): include()
 3 SYSTEMPATH\View\View.php(228): include('C:\\xampp\\htdocs\\WebProgrammingI\\proyecto_news_coverII\\framework\\app\\Views\\admin_area\\categories.php')
 4 SYSTEMPATH\View\View.php(231): CodeIgniter\View\View->CodeIgniter\View\{closure}()
 5 SYSTEMPATH\Common.php(1190): CodeIgniter\View\View->render('admin_area/categories', [], true)
 6 APPPATH\Controllers\Admin.php(10): view('admin_area/categories')
 7 SYSTEMPATH\CodeIgniter.php(942): App\Controllers\Admin->index()
 8 SYSTEMPATH\CodeIgniter.php(502): CodeIgniter\CodeIgniter->runController(Object(App\Controllers\Admin))
 9 SYSTEMPATH\CodeIgniter.php(361): CodeIgniter\CodeIgniter->handleRequest(null, Object(Config\Cache), false)
10 FCPATH\index.php(79): CodeIgniter\CodeIgniter->run()
CRITICAL - 2023-11-29 04:58:21 --> include(../../elements/dropdown.php): Failed to open stream: No such file or directory
in APPPATH\Views\admin_area\categories.php on line 27.
 1 APPPATH\Views\admin_area\categories.php(27): CodeIgniter\Debug\Exceptions->errorHandler(2, 'include(../../elements/dropdown.php): Failed to open stream: No such file or directory', 'C:\\xampp\\htdocs\\WebProgrammingI\\proyecto_news_coverII\\framework\\app\\Views\\admin_area\\categories.php', 27)
 2 APPPATH\Views\admin_area\categories.php(27): include()
 3 SYSTEMPATH\View\View.php(228): include('C:\\xampp\\htdocs\\WebProgrammingI\\proyecto_news_coverII\\framework\\app\\Views\\admin_area\\categories.php')
 4 SYSTEMPATH\View\View.php(231): CodeIgniter\View\View->CodeIgniter\View\{closure}()
 5 SYSTEMPATH\Common.php(1190): CodeIgniter\View\View->render('admin_area/categories', [], true)
 6 APPPATH\Controllers\Admin.php(10): view('admin_area/categories')
 7 SYSTEMPATH\CodeIgniter.php(942): App\Controllers\Admin->index()
 8 SYSTEMPATH\CodeIgniter.php(502): CodeIgniter\CodeIgniter->runController(Object(App\Controllers\Admin))
 9 SYSTEMPATH\CodeIgniter.php(361): CodeIgniter\CodeIgniter->handleRequest(null, Object(Config\Cache), false)
10 FCPATH\index.php(79): CodeIgniter\CodeIgniter->run()
CRITICAL - 2023-11-29 04:58:33 --> include(../../../elements/dropdown.php): Failed to open stream: No such file or directory
in APPPATH\Views\admin_area\categories.php on line 27.
 1 APPPATH\Views\admin_area\categories.php(27): CodeIgniter\Debug\Exceptions->errorHandler(2, 'include(../../../elements/dropdown.php): Failed to open stream: No such file or directory', 'C:\\xampp\\htdocs\\WebProgrammingI\\proyecto_news_coverII\\framework\\app\\Views\\admin_area\\categories.php', 27)
 2 APPPATH\Views\admin_area\categories.php(27): include()
 3 SYSTEMPATH\View\View.php(228): include('C:\\xampp\\htdocs\\WebProgrammingI\\proyecto_news_coverII\\framework\\app\\Views\\admin_area\\categories.php')
 4 SYSTEMPATH\View\View.php(231): CodeIgniter\View\View->CodeIgniter\View\{closure}()
 5 SYSTEMPATH\Common.php(1190): CodeIgniter\View\View->render('admin_area/categories', [], true)
 6 APPPATH\Controllers\Admin.php(10): view('admin_area/categories')
 7 SYSTEMPATH\CodeIgniter.php(942): App\Controllers\Admin->index()
 8 SYSTEMPATH\CodeIgniter.php(502): CodeIgniter\CodeIgniter->runController(Object(App\Controllers\Admin))
 9 SYSTEMPATH\CodeIgniter.php(361): CodeIgniter\CodeIgniter->handleRequest(null, Object(Config\Cache), false)
10 FCPATH\index.php(79): CodeIgniter\CodeIgniter->run()
CRITICAL - 2023-11-29 04:58:34 --> include(../../../elements/dropdown.php): Failed to open stream: No such file or directory
in APPPATH\Views\admin_area\categories.php on line 27.
 1 APPPATH\Views\admin_area\categories.php(27): CodeIgniter\Debug\Exceptions->errorHandler(2, 'include(../../../elements/dropdown.php): Failed to open stream: No such file or directory', 'C:\\xampp\\htdocs\\WebProgrammingI\\proyecto_news_coverII\\framework\\app\\Views\\admin_area\\categories.php', 27)
 2 APPPATH\Views\admin_area\categories.php(27): include()
 3 SYSTEMPATH\View\View.php(228): include('C:\\xampp\\htdocs\\WebProgrammingI\\proyecto_news_coverII\\framework\\app\\Views\\admin_area\\categories.php')
 4 SYSTEMPATH\View\View.php(231): CodeIgniter\View\View->CodeIgniter\View\{closure}()
 5 SYSTEMPATH\Common.php(1190): CodeIgniter\View\View->render('admin_area/categories', [], true)
 6 APPPATH\Controllers\Admin.php(10): view('admin_area/categories')
 7 SYSTEMPATH\CodeIgniter.php(942): App\Controllers\Admin->index()
 8 SYSTEMPATH\CodeIgniter.php(502): CodeIgniter\CodeIgniter->runController(Object(App\Controllers\Admin))
 9 SYSTEMPATH\CodeIgniter.php(361): CodeIgniter\CodeIgniter->handleRequest(null, Object(Config\Cache), false)
10 FCPATH\index.php(79): CodeIgniter\CodeIgniter->run()
CRITICAL - 2023-11-29 04:58:50 --> include(/elements/dropdown.php): Failed to open stream: No such file or directory
in APPPATH\Views\admin_area\categories.php on line 27.
 1 APPPATH\Views\admin_area\categories.php(27): CodeIgniter\Debug\Exceptions->errorHandler(2, 'include(/elements/dropdown.php): Failed to open stream: No such file or directory', 'C:\\xampp\\htdocs\\WebProgrammingI\\proyecto_news_coverII\\framework\\app\\Views\\admin_area\\categories.php', 27)
 2 APPPATH\Views\admin_area\categories.php(27): include()
 3 SYSTEMPATH\View\View.php(228): include('C:\\xampp\\htdocs\\WebProgrammingI\\proyecto_news_coverII\\framework\\app\\Views\\admin_area\\categories.php')
 4 SYSTEMPATH\View\View.php(231): CodeIgniter\View\View->CodeIgniter\View\{closure}()
 5 SYSTEMPATH\Common.php(1190): CodeIgniter\View\View->render('admin_area/categories', [], true)
 6 APPPATH\Controllers\Admin.php(10): view('admin_area/categories')
 7 SYSTEMPATH\CodeIgniter.php(942): App\Controllers\Admin->index()
 8 SYSTEMPATH\CodeIgniter.php(502): CodeIgniter\CodeIgniter->runController(Object(App\Controllers\Admin))
 9 SYSTEMPATH\CodeIgniter.php(361): CodeIgniter\CodeIgniter->handleRequest(null, Object(Config\Cache), false)
10 FCPATH\index.php(79): CodeIgniter\CodeIgniter->run()
CRITICAL - 2023-11-29 04:58:51 --> include(/elements/dropdown.php): Failed to open stream: No such file or directory
in APPPATH\Views\admin_area\categories.php on line 27.
 1 APPPATH\Views\admin_area\categories.php(27): CodeIgniter\Debug\Exceptions->errorHandler(2, 'include(/elements/dropdown.php): Failed to open stream: No such file or directory', 'C:\\xampp\\htdocs\\WebProgrammingI\\proyecto_news_coverII\\framework\\app\\Views\\admin_area\\categories.php', 27)
 2 APPPATH\Views\admin_area\categories.php(27): include()
 3 SYSTEMPATH\View\View.php(228): include('C:\\xampp\\htdocs\\WebProgrammingI\\proyecto_news_coverII\\framework\\app\\Views\\admin_area\\categories.php')
 4 SYSTEMPATH\View\View.php(231): CodeIgniter\View\View->CodeIgniter\View\{closure}()
 5 SYSTEMPATH\Common.php(1190): CodeIgniter\View\View->render('admin_area/categories', [], true)
 6 APPPATH\Controllers\Admin.php(10): view('admin_area/categories')
 7 SYSTEMPATH\CodeIgniter.php(942): App\Controllers\Admin->index()
 8 SYSTEMPATH\CodeIgniter.php(502): CodeIgniter\CodeIgniter->runController(Object(App\Controllers\Admin))
 9 SYSTEMPATH\CodeIgniter.php(361): CodeIgniter\CodeIgniter->handleRequest(null, Object(Config\Cache), false)
10 FCPATH\index.php(79): CodeIgniter\CodeIgniter->run()
CRITICAL - 2023-11-29 04:59:02 --> include(../dropdown.php): Failed to open stream: No such file or directory
in APPPATH\Views\admin_area\categories.php on line 27.
 1 APPPATH\Views\admin_area\categories.php(27): CodeIgniter\Debug\Exceptions->errorHandler(2, 'include(../dropdown.php): Failed to open stream: No such file or directory', 'C:\\xampp\\htdocs\\WebProgrammingI\\proyecto_news_coverII\\framework\\app\\Views\\admin_area\\categories.php', 27)
 2 APPPATH\Views\admin_area\categories.php(27): include()
 3 SYSTEMPATH\View\View.php(228): include('C:\\xampp\\htdocs\\WebProgrammingI\\proyecto_news_coverII\\framework\\app\\Views\\admin_area\\categories.php')
 4 SYSTEMPATH\View\View.php(231): CodeIgniter\View\View->CodeIgniter\View\{closure}()
 5 SYSTEMPATH\Common.php(1190): CodeIgniter\View\View->render('admin_area/categories', [], true)
 6 APPPATH\Controllers\Admin.php(10): view('admin_area/categories')
 7 SYSTEMPATH\CodeIgniter.php(942): App\Controllers\Admin->index()
 8 SYSTEMPATH\CodeIgniter.php(502): CodeIgniter\CodeIgniter->runController(Object(App\Controllers\Admin))
 9 SYSTEMPATH\CodeIgniter.php(361): CodeIgniter\CodeIgniter->handleRequest(null, Object(Config\Cache), false)
10 FCPATH\index.php(79): CodeIgniter\CodeIgniter->run()
CRITICAL - 2023-11-29 04:59:11 --> include(../../dropdown.php): Failed to open stream: No such file or directory
in APPPATH\Views\admin_area\categories.php on line 27.
 1 APPPATH\Views\admin_area\categories.php(27): CodeIgniter\Debug\Exceptions->errorHandler(2, 'include(../../dropdown.php): Failed to open stream: No such file or directory', 'C:\\xampp\\htdocs\\WebProgrammingI\\proyecto_news_coverII\\framework\\app\\Views\\admin_area\\categories.php', 27)
 2 APPPATH\Views\admin_area\categories.php(27): include()
 3 SYSTEMPATH\View\View.php(228): include('C:\\xampp\\htdocs\\WebProgrammingI\\proyecto_news_coverII\\framework\\app\\Views\\admin_area\\categories.php')
 4 SYSTEMPATH\View\View.php(231): CodeIgniter\View\View->CodeIgniter\View\{closure}()
 5 SYSTEMPATH\Common.php(1190): CodeIgniter\View\View->render('admin_area/categories', [], true)
 6 APPPATH\Controllers\Admin.php(10): view('admin_area/categories')
 7 SYSTEMPATH\CodeIgniter.php(942): App\Controllers\Admin->index()
 8 SYSTEMPATH\CodeIgniter.php(502): CodeIgniter\CodeIgniter->runController(Object(App\Controllers\Admin))
 9 SYSTEMPATH\CodeIgniter.php(361): CodeIgniter\CodeIgniter->handleRequest(null, Object(Config\Cache), false)
10 FCPATH\index.php(79): CodeIgniter\CodeIgniter->run()
CRITICAL - 2023-11-29 04:59:18 --> include(dropdown.php): Failed to open stream: No such file or directory
in APPPATH\Views\admin_area\categories.php on line 27.
 1 APPPATH\Views\admin_area\categories.php(27): CodeIgniter\Debug\Exceptions->errorHandler(2, 'include(dropdown.php): Failed to open stream: No such file or directory', 'C:\\xampp\\htdocs\\WebProgrammingI\\proyecto_news_coverII\\framework\\app\\Views\\admin_area\\categories.php', 27)
 2 APPPATH\Views\admin_area\categories.php(27): include()
 3 SYSTEMPATH\View\View.php(228): include('C:\\xampp\\htdocs\\WebProgrammingI\\proyecto_news_coverII\\framework\\app\\Views\\admin_area\\categories.php')
 4 SYSTEMPATH\View\View.php(231): CodeIgniter\View\View->CodeIgniter\View\{closure}()
 5 SYSTEMPATH\Common.php(1190): CodeIgniter\View\View->render('admin_area/categories', [], true)
 6 APPPATH\Controllers\Admin.php(10): view('admin_area/categories')
 7 SYSTEMPATH\CodeIgniter.php(942): App\Controllers\Admin->index()
 8 SYSTEMPATH\CodeIgniter.php(502): CodeIgniter\CodeIgniter->runController(Object(App\Controllers\Admin))
 9 SYSTEMPATH\CodeIgniter.php(361): CodeIgniter\CodeIgniter->handleRequest(null, Object(Config\Cache), false)
10 FCPATH\index.php(79): CodeIgniter\CodeIgniter->run()
CRITICAL - 2023-11-29 04:59:19 --> include(dropdown.php): Failed to open stream: No such file or directory
in APPPATH\Views\admin_area\categories.php on line 27.
 1 APPPATH\Views\admin_area\categories.php(27): CodeIgniter\Debug\Exceptions->errorHandler(2, 'include(dropdown.php): Failed to open stream: No such file or directory', 'C:\\xampp\\htdocs\\WebProgrammingI\\proyecto_news_coverII\\framework\\app\\Views\\admin_area\\categories.php', 27)
 2 APPPATH\Views\admin_area\categories.php(27): include()
 3 SYSTEMPATH\View\View.php(228): include('C:\\xampp\\htdocs\\WebProgrammingI\\proyecto_news_coverII\\framework\\app\\Views\\admin_area\\categories.php')
 4 SYSTEMPATH\View\View.php(231): CodeIgniter\View\View->CodeIgniter\View\{closure}()
 5 SYSTEMPATH\Common.php(1190): CodeIgniter\View\View->render('admin_area/categories', [], true)
 6 APPPATH\Controllers\Admin.php(10): view('admin_area/categories')
 7 SYSTEMPATH\CodeIgniter.php(942): App\Controllers\Admin->index()
 8 SYSTEMPATH\CodeIgniter.php(502): CodeIgniter\CodeIgniter->runController(Object(App\Controllers\Admin))
 9 SYSTEMPATH\CodeIgniter.php(361): CodeIgniter\CodeIgniter->handleRequest(null, Object(Config\Cache), false)
10 FCPATH\index.php(79): CodeIgniter\CodeIgniter->run()
CRITICAL - 2023-11-29 04:59:26 --> Undefined variable $categories
in APPPATH\Views\admin_area\categories.php on line 46.
 1 APPPATH\Views\admin_area\categories.php(46): CodeIgniter\Debug\Exceptions->errorHandler(2, 'Undefined variable $categories', 'C:\\xampp\\htdocs\\WebProgrammingI\\proyecto_news_coverII\\framework\\app\\Views\\admin_area\\categories.php', 46)
 2 SYSTEMPATH\View\View.php(228): include('C:\\xampp\\htdocs\\WebProgrammingI\\proyecto_news_coverII\\framework\\app\\Views\\admin_area\\categories.php')
 3 SYSTEMPATH\View\View.php(231): CodeIgniter\View\View->CodeIgniter\View\{closure}()
 4 SYSTEMPATH\Common.php(1190): CodeIgniter\View\View->render('admin_area/categories', [], true)
 5 APPPATH\Controllers\Admin.php(10): view('admin_area/categories')
 6 SYSTEMPATH\CodeIgniter.php(942): App\Controllers\Admin->index()
 7 SYSTEMPATH\CodeIgniter.php(502): CodeIgniter\CodeIgniter->runController(Object(App\Controllers\Admin))
 8 SYSTEMPATH\CodeIgniter.php(361): CodeIgniter\CodeIgniter->handleRequest(null, Object(Config\Cache), false)
 9 FCPATH\index.php(79): CodeIgniter\CodeIgniter->run()
CRITICAL - 2023-11-29 05:06:44 --> Invalid file: "categories/index.php"
in SYSTEMPATH\Exceptions\FrameworkException.php on line 39.
 1 SYSTEMPATH\View\View.php(216): CodeIgniter\Exceptions\FrameworkException::forInvalidFile('categories/index.php')
 2 SYSTEMPATH\Common.php(1190): CodeIgniter\View\View->render('categories/index', [], true)
 3 APPPATH\Controllers\Admin.php(14): view('categories/index', [...])
 4 SYSTEMPATH\CodeIgniter.php(942): App\Controllers\Admin->index()
 5 SYSTEMPATH\CodeIgniter.php(502): CodeIgniter\CodeIgniter->runController(Object(App\Controllers\Admin))
 6 SYSTEMPATH\CodeIgniter.php(361): CodeIgniter\CodeIgniter->handleRequest(null, Object(Config\Cache), false)
 7 FCPATH\index.php(79): CodeIgniter\CodeIgniter->run()
CRITICAL - 2023-11-29 05:08:27 --> include(../../elements/footer.php): Failed to open stream: No such file or directory
in APPPATH\Views\admin_area\categories.php on line 66.
 1 APPPATH\Views\admin_area\categories.php(66): CodeIgniter\Debug\Exceptions->errorHandler(2, 'include(../../elements/footer.php): Failed to open stream: No such file or directory', 'C:\\xampp\\htdocs\\WebProgrammingI\\proyecto_news_coverII\\framework\\app\\Views\\admin_area\\categories.php', 66)
 2 APPPATH\Views\admin_area\categories.php(66): include()
 3 SYSTEMPATH\View\View.php(228): include('C:\\xampp\\htdocs\\WebProgrammingI\\proyecto_news_coverII\\framework\\app\\Views\\admin_area\\categories.php')
 4 SYSTEMPATH\View\View.php(231): CodeIgniter\View\View->CodeIgniter\View\{closure}()
 5 SYSTEMPATH\Common.php(1190): CodeIgniter\View\View->render('admin_area/categories', [], true)
 6 APPPATH\Controllers\Admin.php(14): view('admin_area/categories', [...])
 7 SYSTEMPATH\CodeIgniter.php(942): App\Controllers\Admin->index()
 8 SYSTEMPATH\CodeIgniter.php(502): CodeIgniter\CodeIgniter->runController(Object(App\Controllers\Admin))
 9 SYSTEMPATH\CodeIgniter.php(361): CodeIgniter\CodeIgniter->handleRequest(null, Object(Config\Cache), false)
10 FCPATH\index.php(79): CodeIgniter\CodeIgniter->run()
CRITICAL - 2023-11-29 05:09:03 --> include(../../footer.php): Failed to open stream: No such file or directory
in APPPATH\Views\admin_area\categories.php on line 66.
 1 APPPATH\Views\admin_area\categories.php(66): CodeIgniter\Debug\Exceptions->errorHandler(2, 'include(../../footer.php): Failed to open stream: No such file or directory', 'C:\\xampp\\htdocs\\WebProgrammingI\\proyecto_news_coverII\\framework\\app\\Views\\admin_area\\categories.php', 66)
 2 APPPATH\Views\admin_area\categories.php(66): include()
 3 SYSTEMPATH\View\View.php(228): include('C:\\xampp\\htdocs\\WebProgrammingI\\proyecto_news_coverII\\framework\\app\\Views\\admin_area\\categories.php')
 4 SYSTEMPATH\View\View.php(231): CodeIgniter\View\View->CodeIgniter\View\{closure}()
 5 SYSTEMPATH\Common.php(1190): CodeIgniter\View\View->render('admin_area/categories', [], true)
 6 APPPATH\Controllers\Admin.php(14): view('admin_area/categories', [...])
 7 SYSTEMPATH\CodeIgniter.php(942): App\Controllers\Admin->index()
 8 SYSTEMPATH\CodeIgniter.php(502): CodeIgniter\CodeIgniter->runController(Object(App\Controllers\Admin))
 9 SYSTEMPATH\CodeIgniter.php(361): CodeIgniter\CodeIgniter->handleRequest(null, Object(Config\Cache), false)
10 FCPATH\index.php(79): CodeIgniter\CodeIgniter->run()
CRITICAL - 2023-11-29 05:09:10 --> include(../footer.php): Failed to open stream: No such file or directory
in APPPATH\Views\admin_area\categories.php on line 66.
 1 APPPATH\Views\admin_area\categories.php(66): CodeIgniter\Debug\Exceptions->errorHandler(2, 'include(../footer.php): Failed to open stream: No such file or directory', 'C:\\xampp\\htdocs\\WebProgrammingI\\proyecto_news_coverII\\framework\\app\\Views\\admin_area\\categories.php', 66)
 2 APPPATH\Views\admin_area\categories.php(66): include()
 3 SYSTEMPATH\View\View.php(228): include('C:\\xampp\\htdocs\\WebProgrammingI\\proyecto_news_coverII\\framework\\app\\Views\\admin_area\\categories.php')
 4 SYSTEMPATH\View\View.php(231): CodeIgniter\View\View->CodeIgniter\View\{closure}()
 5 SYSTEMPATH\Common.php(1190): CodeIgniter\View\View->render('admin_area/categories', [], true)
 6 APPPATH\Controllers\Admin.php(14): view('admin_area/categories', [...])
 7 SYSTEMPATH\CodeIgniter.php(942): App\Controllers\Admin->index()
 8 SYSTEMPATH\CodeIgniter.php(502): CodeIgniter\CodeIgniter->runController(Object(App\Controllers\Admin))
 9 SYSTEMPATH\CodeIgniter.php(361): CodeIgniter\CodeIgniter->handleRequest(null, Object(Config\Cache), false)
10 FCPATH\index.php(79): CodeIgniter\CodeIgniter->run()
CRITICAL - 2023-11-29 05:09:23 --> include(../../../elements/footer.php): Failed to open stream: No such file or directory
in APPPATH\Views\admin_area\categories.php on line 66.
 1 APPPATH\Views\admin_area\categories.php(66): CodeIgniter\Debug\Exceptions->errorHandler(2, 'include(../../../elements/footer.php): Failed to open stream: No such file or directory', 'C:\\xampp\\htdocs\\WebProgrammingI\\proyecto_news_coverII\\framework\\app\\Views\\admin_area\\categories.php', 66)
 2 APPPATH\Views\admin_area\categories.php(66): include()
 3 SYSTEMPATH\View\View.php(228): include('C:\\xampp\\htdocs\\WebProgrammingI\\proyecto_news_coverII\\framework\\app\\Views\\admin_area\\categories.php')
 4 SYSTEMPATH\View\View.php(231): CodeIgniter\View\View->CodeIgniter\View\{closure}()
 5 SYSTEMPATH\Common.php(1190): CodeIgniter\View\View->render('admin_area/categories', [], true)
 6 APPPATH\Controllers\Admin.php(14): view('admin_area/categories', [...])
 7 SYSTEMPATH\CodeIgniter.php(942): App\Controllers\Admin->index()
 8 SYSTEMPATH\CodeIgniter.php(502): CodeIgniter\CodeIgniter->runController(Object(App\Controllers\Admin))
 9 SYSTEMPATH\CodeIgniter.php(361): CodeIgniter\CodeIgniter->handleRequest(null, Object(Config\Cache), false)
10 FCPATH\index.php(79): CodeIgniter\CodeIgniter->run()
CRITICAL - 2023-11-29 05:09:24 --> include(../../../elements/footer.php): Failed to open stream: No such file or directory
in APPPATH\Views\admin_area\categories.php on line 66.
 1 APPPATH\Views\admin_area\categories.php(66): CodeIgniter\Debug\Exceptions->errorHandler(2, 'include(../../../elements/footer.php): Failed to open stream: No such file or directory', 'C:\\xampp\\htdocs\\WebProgrammingI\\proyecto_news_coverII\\framework\\app\\Views\\admin_area\\categories.php', 66)
 2 APPPATH\Views\admin_area\categories.php(66): include()
 3 SYSTEMPATH\View\View.php(228): include('C:\\xampp\\htdocs\\WebProgrammingI\\proyecto_news_coverII\\framework\\app\\Views\\admin_area\\categories.php')
 4 SYSTEMPATH\View\View.php(231): CodeIgniter\View\View->CodeIgniter\View\{closure}()
 5 SYSTEMPATH\Common.php(1190): CodeIgniter\View\View->render('admin_area/categories', [], true)
 6 APPPATH\Controllers\Admin.php(14): view('admin_area/categories', [...])
 7 SYSTEMPATH\CodeIgniter.php(942): App\Controllers\Admin->index()
 8 SYSTEMPATH\CodeIgniter.php(502): CodeIgniter\CodeIgniter->runController(Object(App\Controllers\Admin))
 9 SYSTEMPATH\CodeIgniter.php(361): CodeIgniter\CodeIgniter->handleRequest(null, Object(Config\Cache), false)
10 FCPATH\index.php(79): CodeIgniter\CodeIgniter->run()
CRITICAL - 2023-11-29 05:09:34 --> include(../../../../elements/footer.php): Failed to open stream: No such file or directory
in APPPATH\Views\admin_area\categories.php on line 66.
 1 APPPATH\Views\admin_area\categories.php(66): CodeIgniter\Debug\Exceptions->errorHandler(2, 'include(../../../../elements/footer.php): Failed to open stream: No such file or directory', 'C:\\xampp\\htdocs\\WebProgrammingI\\proyecto_news_coverII\\framework\\app\\Views\\admin_area\\categories.php', 66)
 2 APPPATH\Views\admin_area\categories.php(66): include()
 3 SYSTEMPATH\View\View.php(228): include('C:\\xampp\\htdocs\\WebProgrammingI\\proyecto_news_coverII\\framework\\app\\Views\\admin_area\\categories.php')
 4 SYSTEMPATH\View\View.php(231): CodeIgniter\View\View->CodeIgniter\View\{closure}()
 5 SYSTEMPATH\Common.php(1190): CodeIgniter\View\View->render('admin_area/categories', [], true)
 6 APPPATH\Controllers\Admin.php(14): view('admin_area/categories', [...])
 7 SYSTEMPATH\CodeIgniter.php(942): App\Controllers\Admin->index()
 8 SYSTEMPATH\CodeIgniter.php(502): CodeIgniter\CodeIgniter->runController(Object(App\Controllers\Admin))
 9 SYSTEMPATH\CodeIgniter.php(361): CodeIgniter\CodeIgniter->handleRequest(null, Object(Config\Cache), false)
10 FCPATH\index.php(79): CodeIgniter\CodeIgniter->run()
CRITICAL - 2023-11-29 05:36:31 --> include(dropdown.php): Failed to open stream: No such file or directory
in APPPATH\Views\login.php on line 26.
 1 APPPATH\Views\login.php(26): CodeIgniter\Debug\Exceptions->errorHandler(2, 'include(dropdown.php): Failed to open stream: No such file or directory', 'C:\\xampp\\htdocs\\WebProgrammingI\\proyecto_news_coverII\\framework\\app\\Views\\login.php', 26)
 2 APPPATH\Views\login.php(26): include()
 3 SYSTEMPATH\View\View.php(228): include('C:\\xampp\\htdocs\\WebProgrammingI\\proyecto_news_coverII\\framework\\app\\Views\\login.php')
 4 SYSTEMPATH\View\View.php(231): CodeIgniter\View\View->CodeIgniter\View\{closure}()
 5 SYSTEMPATH\Common.php(1190): CodeIgniter\View\View->render('login', [], true)
 6 APPPATH\Controllers\Home.php(10): view('login')
 7 SYSTEMPATH\CodeIgniter.php(942): App\Controllers\Home->index()
 8 SYSTEMPATH\CodeIgniter.php(502): CodeIgniter\CodeIgniter->runController(Object(App\Controllers\Home))
 9 SYSTEMPATH\CodeIgniter.php(361): CodeIgniter\CodeIgniter->handleRequest(null, Object(Config\Cache), false)
10 FCPATH\index.php(79): CodeIgniter\CodeIgniter->run()
CRITICAL - 2023-11-29 05:36:34 --> include(dropdown.php): Failed to open stream: No such file or directory
in APPPATH\Views\login.php on line 26.
 1 APPPATH\Views\login.php(26): CodeIgniter\Debug\Exceptions->errorHandler(2, 'include(dropdown.php): Failed to open stream: No such file or directory', 'C:\\xampp\\htdocs\\WebProgrammingI\\proyecto_news_coverII\\framework\\app\\Views\\login.php', 26)
 2 APPPATH\Views\login.php(26): include()
 3 SYSTEMPATH\View\View.php(228): include('C:\\xampp\\htdocs\\WebProgrammingI\\proyecto_news_coverII\\framework\\app\\Views\\login.php')
 4 SYSTEMPATH\View\View.php(231): CodeIgniter\View\View->CodeIgniter\View\{closure}()
 5 SYSTEMPATH\Common.php(1190): CodeIgniter\View\View->render('login', [], true)
 6 APPPATH\Controllers\Home.php(10): view('login')
 7 SYSTEMPATH\CodeIgniter.php(942): App\Controllers\Home->index()
 8 SYSTEMPATH\CodeIgniter.php(502): CodeIgniter\CodeIgniter->runController(Object(App\Controllers\Home))
 9 SYSTEMPATH\CodeIgniter.php(361): CodeIgniter\CodeIgniter->handleRequest(null, Object(Config\Cache), false)
10 FCPATH\index.php(79): CodeIgniter\CodeIgniter->run()
CRITICAL - 2023-11-29 05:36:37 --> include(dropdown.php): Failed to open stream: No such file or directory
in APPPATH\Views\signup.php on line 27.
 1 APPPATH\Views\signup.php(27): CodeIgniter\Debug\Exceptions->errorHandler(2, 'include(dropdown.php): Failed to open stream: No such file or directory', 'C:\\xampp\\htdocs\\WebProgrammingI\\proyecto_news_coverII\\framework\\app\\Views\\signup.php', 27)
 2 APPPATH\Views\signup.php(27): include()
 3 SYSTEMPATH\View\View.php(228): include('C:\\xampp\\htdocs\\WebProgrammingI\\proyecto_news_coverII\\framework\\app\\Views\\signup.php')
 4 SYSTEMPATH\View\View.php(231): CodeIgniter\View\View->CodeIgniter\View\{closure}()
 5 SYSTEMPATH\Common.php(1190): CodeIgniter\View\View->render('signup', [], true)
 6 APPPATH\Controllers\Signup.php(17): view('signup', [...])
 7 SYSTEMPATH\CodeIgniter.php(942): App\Controllers\Signup->index()
 8 SYSTEMPATH\CodeIgniter.php(502): CodeIgniter\CodeIgniter->runController(Object(App\Controllers\Signup))
 9 SYSTEMPATH\CodeIgniter.php(361): CodeIgniter\CodeIgniter->handleRequest(null, Object(Config\Cache), false)
10 FCPATH\index.php(79): CodeIgniter\CodeIgniter->run()
CRITICAL - 2023-11-29 05:36:56 --> include(dropdown.php): Failed to open stream: No such file or directory
in APPPATH\Views\login.php on line 26.
 1 APPPATH\Views\login.php(26): CodeIgniter\Debug\Exceptions->errorHandler(2, 'include(dropdown.php): Failed to open stream: No such file or directory', 'C:\\xampp\\htdocs\\WebProgrammingI\\proyecto_news_coverII\\framework\\app\\Views\\login.php', 26)
 2 APPPATH\Views\login.php(26): include()
 3 SYSTEMPATH\View\View.php(228): include('C:\\xampp\\htdocs\\WebProgrammingI\\proyecto_news_coverII\\framework\\app\\Views\\login.php')
 4 SYSTEMPATH\View\View.php(231): CodeIgniter\View\View->CodeIgniter\View\{closure}()
 5 SYSTEMPATH\Common.php(1190): CodeIgniter\View\View->render('login', [], true)
 6 APPPATH\Controllers\Home.php(10): view('login')
 7 SYSTEMPATH\CodeIgniter.php(942): App\Controllers\Home->index()
 8 SYSTEMPATH\CodeIgniter.php(502): CodeIgniter\CodeIgniter->runController(Object(App\Controllers\Home))
 9 SYSTEMPATH\CodeIgniter.php(361): CodeIgniter\CodeIgniter->handleRequest(null, Object(Config\Cache), false)
10 FCPATH\index.php(79): CodeIgniter\CodeIgniter->run()
CRITICAL - 2023-11-29 06:08:34 --> Allowed fields must be specified for model: "App\Models\Categories"
in SYSTEMPATH\Model.php on line 736.
 1 SYSTEMPATH\Model.php(736): CodeIgniter\Database\Exceptions\DataException::forInvalidAllowedFields('App\\Models\\Categories')
 2 SYSTEMPATH\BaseModel.php(763): CodeIgniter\Model->doProtectFieldsForInsert([...])
 3 SYSTEMPATH\Model.php(715): CodeIgniter\BaseModel->insert([...], true)
 4 APPPATH\Models\categories.php(16): CodeIgniter\Model->insert([...])
 5 APPPATH\Controllers\Admin.php(33): App\Models\Categories->saveCategory('Farandula')
 6 SYSTEMPATH\CodeIgniter.php(942): App\Controllers\Admin->save()
 7 SYSTEMPATH\CodeIgniter.php(502): CodeIgniter\CodeIgniter->runController(Object(App\Controllers\Admin))
 8 SYSTEMPATH\CodeIgniter.php(361): CodeIgniter\CodeIgniter->handleRequest(null, Object(Config\Cache), false)
 9 FCPATH\index.php(79): CodeIgniter\CodeIgniter->run()
CRITICAL - 2023-11-29 06:09:34 --> Allowed fields must be specified for model: "App\Models\Categories"
in SYSTEMPATH\Model.php on line 736.
 1 SYSTEMPATH\Model.php(736): CodeIgniter\Database\Exceptions\DataException::forInvalidAllowedFields('App\\Models\\Categories')
 2 SYSTEMPATH\BaseModel.php(763): CodeIgniter\Model->doProtectFieldsForInsert([...])
 3 SYSTEMPATH\Model.php(715): CodeIgniter\BaseModel->insert([...], true)
 4 APPPATH\Models\categories.php(16): CodeIgniter\Model->insert([...])
 5 APPPATH\Controllers\Admin.php(33): App\Models\Categories->saveCategory('Farandula')
 6 SYSTEMPATH\CodeIgniter.php(942): App\Controllers\Admin->save()
 7 SYSTEMPATH\CodeIgniter.php(502): CodeIgniter\CodeIgniter->runController(Object(App\Controllers\Admin))
 8 SYSTEMPATH\CodeIgniter.php(361): CodeIgniter\CodeIgniter->handleRequest(null, Object(Config\Cache), false)
 9 FCPATH\index.php(79): CodeIgniter\CodeIgniter->run()
CRITICAL - 2023-11-29 06:11:10 --> Allowed fields must be specified for model: "App\Models\Categories"
in SYSTEMPATH\Model.php on line 736.
 1 SYSTEMPATH\Model.php(736): CodeIgniter\Database\Exceptions\DataException::forInvalidAllowedFields('App\\Models\\Categories')
 2 SYSTEMPATH\BaseModel.php(763): CodeIgniter\Model->doProtectFieldsForInsert([...])
 3 SYSTEMPATH\Model.php(715): CodeIgniter\BaseModel->insert([...], true)
 4 APPPATH\Models\categories.php(16): CodeIgniter\Model->insert([...])
 5 APPPATH\Controllers\Admin.php(33): App\Models\Categories->saveCategory('Farandula')
 6 SYSTEMPATH\CodeIgniter.php(942): App\Controllers\Admin->save()
 7 SYSTEMPATH\CodeIgniter.php(502): CodeIgniter\CodeIgniter->runController(Object(App\Controllers\Admin))
 8 SYSTEMPATH\CodeIgniter.php(361): CodeIgniter\CodeIgniter->handleRequest(null, Object(Config\Cache), false)
 9 FCPATH\index.php(79): CodeIgniter\CodeIgniter->run()
CRITICAL - 2023-11-29 20:49:22 --> Trying to access array offset on value of type null
in APPPATH\Controllers\User.php on line 26.
 1 APPPATH\Controllers\User.php(26): CodeIgniter\Debug\Exceptions->errorHandler(2, 'Trying to access array offset on value of type null', 'C:\\xampp\\htdocs\\WebProgrammingI\\proyecto_news_coverII\\framework\\app\\Controllers\\User.php', 26)
 2 SYSTEMPATH\CodeIgniter.php(942): App\Controllers\User->index()
 3 SYSTEMPATH\CodeIgniter.php(502): CodeIgniter\CodeIgniter->runController(Object(App\Controllers\User))
 4 SYSTEMPATH\CodeIgniter.php(361): CodeIgniter\CodeIgniter->handleRequest(null, Object(Config\Cache), false)
 5 FCPATH\index.php(79): CodeIgniter\CodeIgniter->run()
CRITICAL - 2023-11-29 22:17:12 --> Undefined array key "user"
in APPPATH\Controllers\User.php on line 22.
 1 APPPATH\Controllers\User.php(22): CodeIgniter\Debug\Exceptions->errorHandler(2, 'Undefined array key "user"', 'C:\\xampp\\htdocs\\WebProgrammingI\\proyecto_news_coverII\\framework\\app\\Controllers\\User.php', 22)
 2 SYSTEMPATH\CodeIgniter.php(942): App\Controllers\User->index()
 3 SYSTEMPATH\CodeIgniter.php(502): CodeIgniter\CodeIgniter->runController(Object(App\Controllers\User))
 4 SYSTEMPATH\CodeIgniter.php(361): CodeIgniter\CodeIgniter->handleRequest(null, Object(Config\Cache), false)
 5 FCPATH\index.php(79): CodeIgniter\CodeIgniter->run()
CRITICAL - 2023-11-29 22:21:22 --> ini_set(): Session ini settings cannot be changed when a session is active
in SYSTEMPATH\Session\Handlers\FileHandler.php on line 72.
 1 [internal function]: CodeIgniter\Debug\Exceptions->errorHandler(2, 'ini_set(): Session ini settings cannot be changed when a session is active', 'C:\\xampp\\htdocs\\WebProgrammingI\\proyecto_news_coverII\\framework\\system\\Session\\Handlers\\FileHandler.php', 72)
 2 SYSTEMPATH\Session\Handlers\FileHandler.php(72): ini_set('session.save_path', 'C:\\xampp\\htdocs\\WebProgrammingI\\proyecto_news_coverII\\framework\\writable\\session')
 3 SYSTEMPATH\Config\Services.php(686): CodeIgniter\Session\Handlers\FileHandler->__construct(Object(Config\Session), '127.0.0.1')
 4 SYSTEMPATH\Config\BaseService.php(258): CodeIgniter\Config\Services::session(Object(Config\Session), false)
 5 SYSTEMPATH\Config\BaseService.php(199): CodeIgniter\Config\BaseService::__callStatic('session', [...])
 6 SYSTEMPATH\Config\Services.php(664): CodeIgniter\Config\BaseService::getSharedInstance('session', null)
 7 SYSTEMPATH\Config\BaseService.php(258): CodeIgniter\Config\Services::session()
 8 SYSTEMPATH\Common.php(996): CodeIgniter\Config\BaseService::__callStatic('session', [])
 9 APPPATH\Controllers\User.php(13): session()
10 SYSTEMPATH\CodeIgniter.php(914): App\Controllers\User->__construct()
11 SYSTEMPATH\CodeIgniter.php(493): CodeIgniter\CodeIgniter->createController()
12 SYSTEMPATH\CodeIgniter.php(361): CodeIgniter\CodeIgniter->handleRequest(null, Object(Config\Cache), false)
13 FCPATH\index.php(79): CodeIgniter\CodeIgniter->run()
CRITICAL - 2023-11-29 22:21:23 --> ini_set(): Session ini settings cannot be changed when a session is active
in SYSTEMPATH\Session\Handlers\FileHandler.php on line 72.
 1 [internal function]: CodeIgniter\Debug\Exceptions->errorHandler(2, 'ini_set(): Session ini settings cannot be changed when a session is active', 'C:\\xampp\\htdocs\\WebProgrammingI\\proyecto_news_coverII\\framework\\system\\Session\\Handlers\\FileHandler.php', 72)
 2 SYSTEMPATH\Session\Handlers\FileHandler.php(72): ini_set('session.save_path', 'C:\\xampp\\htdocs\\WebProgrammingI\\proyecto_news_coverII\\framework\\writable\\session')
 3 SYSTEMPATH\Config\Services.php(686): CodeIgniter\Session\Handlers\FileHandler->__construct(Object(Config\Session), '127.0.0.1')
 4 SYSTEMPATH\Config\BaseService.php(258): CodeIgniter\Config\Services::session(Object(Config\Session), false)
 5 SYSTEMPATH\Config\BaseService.php(199): CodeIgniter\Config\BaseService::__callStatic('session', [...])
 6 SYSTEMPATH\Config\Services.php(664): CodeIgniter\Config\BaseService::getSharedInstance('session', null)
 7 SYSTEMPATH\Config\BaseService.php(258): CodeIgniter\Config\Services::session()
 8 SYSTEMPATH\Common.php(996): CodeIgniter\Config\BaseService::__callStatic('session', [])
 9 APPPATH\Controllers\User.php(13): session()
10 SYSTEMPATH\CodeIgniter.php(914): App\Controllers\User->__construct()
11 SYSTEMPATH\CodeIgniter.php(493): CodeIgniter\CodeIgniter->createController()
12 SYSTEMPATH\CodeIgniter.php(361): CodeIgniter\CodeIgniter->handleRequest(null, Object(Config\Cache), false)
13 FCPATH\index.php(79): CodeIgniter\CodeIgniter->run()
CRITICAL - 2023-11-29 23:05:11 --> Trying to access array offset on value of type null
in APPPATH\Controllers\User.php on line 22.
 1 APPPATH\Controllers\User.php(22): CodeIgniter\Debug\Exceptions->errorHandler(2, 'Trying to access array offset on value of type null', 'C:\\xampp\\htdocs\\WebProgrammingI\\proyecto_news_coverII\\framework\\app\\Controllers\\User.php', 22)
 2 SYSTEMPATH\CodeIgniter.php(942): App\Controllers\User->index()
 3 SYSTEMPATH\CodeIgniter.php(502): CodeIgniter\CodeIgniter->runController(Object(App\Controllers\User))
 4 SYSTEMPATH\CodeIgniter.php(361): CodeIgniter\CodeIgniter->handleRequest(null, Object(Config\Cache), false)
 5 FCPATH\index.php(79): CodeIgniter\CodeIgniter->run()
CRITICAL - 2023-11-29 23:10:16 --> Undefined array key "category_name"
in APPPATH\Views\user_area\news_sources.php on line 52.
 1 APPPATH\Views\user_area\news_sources.php(52): CodeIgniter\Debug\Exceptions->errorHandler(2, 'Undefined array key "category_name"', 'C:\\xampp\\htdocs\\WebProgrammingI\\proyecto_news_coverII\\framework\\app\\Views\\user_area\\news_sources.php', 52)
 2 SYSTEMPATH\View\View.php(228): include('C:\\xampp\\htdocs\\WebProgrammingI\\proyecto_news_coverII\\framework\\app\\Views\\user_area\\news_sources.php')
 3 SYSTEMPATH\View\View.php(231): CodeIgniter\View\View->CodeIgniter\View\{closure}()
 4 SYSTEMPATH\Common.php(1190): CodeIgniter\View\View->render('user_area/news_sources', [], true)
 5 APPPATH\Controllers\User.php(28): view('user_area/news_sources', [...])
 6 SYSTEMPATH\CodeIgniter.php(942): App\Controllers\User->index()
 7 SYSTEMPATH\CodeIgniter.php(502): CodeIgniter\CodeIgniter->runController(Object(App\Controllers\User))
 8 SYSTEMPATH\CodeIgniter.php(361): CodeIgniter\CodeIgniter->handleRequest(null, Object(Config\Cache), false)
 9 FCPATH\index.php(79): CodeIgniter\CodeIgniter->run()
INFO - 2023-11-29 23:17:02 --> Session: Class initialized using 'CodeIgniter\Session\Handlers\FileHandler' driver.
CRITICAL - 2023-11-29 23:17:02 --> Undefined array key "category_name"
in APPPATH\Views\user_area\news_sources.php on line 52.
 1 APPPATH\Views\user_area\news_sources.php(52): CodeIgniter\Debug\Exceptions->errorHandler(2, 'Undefined array key "category_name"', 'C:\\xampp\\htdocs\\WebProgrammingI\\proyecto_news_coverII\\framework\\app\\Views\\user_area\\news_sources.php', 52)
 2 SYSTEMPATH\View\View.php(228): include('C:\\xampp\\htdocs\\WebProgrammingI\\proyecto_news_coverII\\framework\\app\\Views\\user_area\\news_sources.php')
 3 SYSTEMPATH\View\View.php(231): CodeIgniter\View\View->CodeIgniter\View\{closure}()
 4 SYSTEMPATH\Common.php(1190): CodeIgniter\View\View->render('user_area/news_sources', [], true)
 5 APPPATH\Controllers\User.php(28): view('user_area/news_sources', [...])
 6 SYSTEMPATH\CodeIgniter.php(942): App\Controllers\User->index()
 7 SYSTEMPATH\CodeIgniter.php(502): CodeIgniter\CodeIgniter->runController(Object(App\Controllers\User))
 8 SYSTEMPATH\CodeIgniter.php(361): CodeIgniter\CodeIgniter->handleRequest(null, Object(Config\Cache), false)
 9 FCPATH\index.php(79): CodeIgniter\CodeIgniter->run()
INFO - 2023-11-29 23:17:03 --> Session: Class initialized using 'CodeIgniter\Session\Handlers\FileHandler' driver.
CRITICAL - 2023-11-29 23:17:03 --> Undefined array key "category_name"
in APPPATH\Views\user_area\news_sources.php on line 52.
 1 APPPATH\Views\user_area\news_sources.php(52): CodeIgniter\Debug\Exceptions->errorHandler(2, 'Undefined array key "category_name"', 'C:\\xampp\\htdocs\\WebProgrammingI\\proyecto_news_coverII\\framework\\app\\Views\\user_area\\news_sources.php', 52)
 2 SYSTEMPATH\View\View.php(228): include('C:\\xampp\\htdocs\\WebProgrammingI\\proyecto_news_coverII\\framework\\app\\Views\\user_area\\news_sources.php')
 3 SYSTEMPATH\View\View.php(231): CodeIgniter\View\View->CodeIgniter\View\{closure}()
 4 SYSTEMPATH\Common.php(1190): CodeIgniter\View\View->render('user_area/news_sources', [], true)
 5 APPPATH\Controllers\User.php(28): view('user_area/news_sources', [...])
 6 SYSTEMPATH\CodeIgniter.php(942): App\Controllers\User->index()
 7 SYSTEMPATH\CodeIgniter.php(502): CodeIgniter\CodeIgniter->runController(Object(App\Controllers\User))
 8 SYSTEMPATH\CodeIgniter.php(361): CodeIgniter\CodeIgniter->handleRequest(null, Object(Config\Cache), false)
 9 FCPATH\index.php(79): CodeIgniter\CodeIgniter->run()
INFO - 2023-11-29 23:23:06 --> Session: Class initialized using 'CodeIgniter\Session\Handlers\FileHandler' driver.
INFO - 2023-11-29 23:24:07 --> Session: Class initialized using 'CodeIgniter\Session\Handlers\FileHandler' driver.
INFO - 2023-11-29 23:24:24 --> Session: Class initialized using 'CodeIgniter\Session\Handlers\FileHandler' driver.
